
blink-volatile-O1.elf:     file format elf32-msp430


Disassembly of section .text:

00003100 <__watchdog_support>:
    3100:	b2 40 80 5a 	mov	#23168,	&0x0120	;#0x5a80
    3104:	20 01 

00003106 <__init_stack>:
    3106:	31 40 00 31 	mov	#12544,	r1	;#0x3100

0000310a <__do_copy_data>:
    310a:	3f 40 00 00 	mov	#0,	r15	;#0x0000
    310e:	0f 93       	tst	r15		
    3110:	05 24       	jz	$+12     	;abs 0x311c
    3112:	2f 83       	decd	r15		
    3114:	9f 4f 9e 31 	mov	12702(r15),4352(r15);0x319e(r15), 0x1100(r15)
    3118:	00 11 
    311a:	fb 23       	jnz	$-8      	;abs 0x3112

0000311c <__do_clear_bss>:
    311c:	3f 40 06 00 	mov	#6,	r15	;#0x0006
    3120:	0f 93       	tst	r15		
    3122:	04 24       	jz	$+10     	;abs 0x312c
    3124:	1f 83       	dec	r15		
    3126:	cf 43 00 11 	mov.b	#0,	4352(r15);r3 As==00, 0x1100(r15)
    312a:	fc 23       	jnz	$-6      	;abs 0x3124

0000312c <main>:
    312c:	b2 40 31 00 	mov	#49,	&0x1104	;#0x0031
    3130:	04 11 
    3132:	e2 43 31 00 	mov.b	#2,	&0x0031	;r3 As==10
    3136:	b2 40 32 00 	mov	#50,	&0x1100	;#0x0032
    313a:	00 11 
    313c:	82 43 02 11 	mov	#0,	&0x1102	;r3 As==00
    3140:	1f 42 02 11 	mov	&0x1102,r15	
    3144:	3f 90 20 4e 	cmp	#20000,	r15	;#0x4e20
    3148:	0a 2c       	jc	$+22     	;abs 0x315e
    314a:	1f 42 02 11 	mov	&0x1102,r15	
    314e:	1f 53       	inc	r15		
    3150:	82 4f 02 11 	mov	r15,	&0x1102	
    3154:	1f 42 02 11 	mov	&0x1102,r15	
    3158:	3f 90 20 4e 	cmp	#20000,	r15	;#0x4e20
    315c:	f6 2b       	jnc	$-18     	;abs 0x314a
    315e:	1f 42 00 11 	mov	&0x1100,r15	
    3162:	ef 43 00 00 	mov.b	#2,	0(r15)	;r3 As==10, 0x0000(r15)
    3166:	82 43 02 11 	mov	#0,	&0x1102	;r3 As==00
    316a:	1f 42 02 11 	mov	&0x1102,r15	
    316e:	3f 90 20 4e 	cmp	#20000,	r15	;#0x4e20
    3172:	0a 2c       	jc	$+22     	;abs 0x3188
    3174:	1f 42 02 11 	mov	&0x1102,r15	
    3178:	1f 53       	inc	r15		
    317a:	82 4f 02 11 	mov	r15,	&0x1102	
    317e:	1f 42 02 11 	mov	&0x1102,r15	
    3182:	3f 90 20 4e 	cmp	#20000,	r15	;#0x4e20
    3186:	f6 2b       	jnc	$-18     	;abs 0x3174
    3188:	1f 42 00 11 	mov	&0x1100,r15	
    318c:	cf 43 00 00 	mov.b	#0,	0(r15)	;r3 As==00, 0x0000(r15)
    3190:	d5 3f       	jmp	$-84     	;abs 0x313c

00003192 <__stop_progExec__>:
    3192:	32 d0 f0 00 	bis	#240,	r2	;#0x00f0
    3196:	fd 3f       	jmp	$-4      	;abs 0x3192

00003198 <__ctors_end>:
    3198:	30 40 9c 31 	br	#0x319c	

0000319c <_unexpected_>:
    319c:	00 13       	reti			

Disassembly of section .vectors:

0000ffc0 <__ivtbl_32>:
    ffc0:	98 31 98 31 98 31 98 31 98 31 98 31 98 31 98 31     .1.1.1.1.1.1.1.1
    ffd0:	98 31 98 31 98 31 98 31 98 31 98 31 98 31 98 31     .1.1.1.1.1.1.1.1
    ffe0:	98 31 98 31 98 31 98 31 98 31 98 31 98 31 98 31     .1.1.1.1.1.1.1.1
    fff0:	98 31 98 31 98 31 98 31 98 31 98 31 98 31 00 31     .1.1.1.1.1.1.1.1
