
blink-volatile-unsigned-long.elf:     file format elf32-msp430


Disassembly of section .text:

00003100 <__watchdog_support>:
    3100:	b2 40 80 5a 	mov	#23168,	&0x0120	;#0x5a80
    3104:	20 01 

00003106 <__init_stack>:
    3106:	31 40 00 31 	mov	#12544,	r1	;#0x3100

0000310a <__do_copy_data>:
    310a:	3f 40 00 00 	mov	#0,	r15	;#0x0000
    310e:	0f 93       	tst	r15		
    3110:	05 24       	jz	$+12     	;abs 0x311c
    3112:	2f 83       	decd	r15		
    3114:	9f 4f da 31 	mov	12762(r15),4352(r15);0x31da(r15), 0x1100(r15)
    3118:	00 11 
    311a:	fb 23       	jnz	$-8      	;abs 0x3112

0000311c <__do_clear_bss>:
    311c:	3f 40 08 00 	mov	#8,	r15	;#0x0008
    3120:	0f 93       	tst	r15		
    3122:	04 24       	jz	$+10     	;abs 0x312c
    3124:	1f 83       	dec	r15		
    3126:	cf 43 00 11 	mov.b	#0,	4352(r15);r3 As==00, 0x1100(r15)
    312a:	fc 23       	jnz	$-6      	;abs 0x3124

0000312c <main>:
    312c:	b2 40 31 00 	mov	#49,	&0x1106	;#0x0031
    3130:	06 11 
    3132:	e2 43 31 00 	mov.b	#2,	&0x0031	;r3 As==10
    3136:	b2 40 32 00 	mov	#50,	&0x1100	;#0x0032
    313a:	00 11 
    313c:	82 43 02 11 	mov	#0,	&0x1102	;r3 As==00
    3140:	82 43 04 11 	mov	#0,	&0x1104	;r3 As==00
    3144:	1e 42 02 11 	mov	&0x1102,r14	
    3148:	1f 42 04 11 	mov	&0x1104,r15	
    314c:	1f 93       	cmp	#1,	r15	;r3 As==01
    314e:	16 2c       	jc	$+46     	;abs 0x317c
    3150:	3e 90 20 4e 	cmp	#20000,	r14	;#0x4e20
    3154:	13 2c       	jc	$+40     	;abs 0x317c
    3156:	1e 42 02 11 	mov	&0x1102,r14	
    315a:	1f 42 04 11 	mov	&0x1104,r15	
    315e:	1e 53       	inc	r14		
    3160:	0f 63       	adc	r15		
    3162:	82 4e 02 11 	mov	r14,	&0x1102	
    3166:	82 4f 04 11 	mov	r15,	&0x1104	
    316a:	1e 42 02 11 	mov	&0x1102,r14	
    316e:	1f 42 04 11 	mov	&0x1104,r15	
    3172:	0f 93       	tst	r15		
    3174:	03 20       	jnz	$+8      	;abs 0x317c
    3176:	3e 90 20 4e 	cmp	#20000,	r14	;#0x4e20
    317a:	ed 2b       	jnc	$-36     	;abs 0x3156
    317c:	1f 42 00 11 	mov	&0x1100,r15	
    3180:	ef 43 00 00 	mov.b	#2,	0(r15)	;r3 As==10, 0x0000(r15)
    3184:	82 43 02 11 	mov	#0,	&0x1102	;r3 As==00
    3188:	82 43 04 11 	mov	#0,	&0x1104	;r3 As==00
    318c:	1e 42 02 11 	mov	&0x1102,r14	
    3190:	1f 42 04 11 	mov	&0x1104,r15	
    3194:	1f 93       	cmp	#1,	r15	;r3 As==01
    3196:	16 2c       	jc	$+46     	;abs 0x31c4
    3198:	3e 90 20 4e 	cmp	#20000,	r14	;#0x4e20
    319c:	13 2c       	jc	$+40     	;abs 0x31c4
    319e:	1e 42 02 11 	mov	&0x1102,r14	
    31a2:	1f 42 04 11 	mov	&0x1104,r15	
    31a6:	1e 53       	inc	r14		
    31a8:	0f 63       	adc	r15		
    31aa:	82 4e 02 11 	mov	r14,	&0x1102	
    31ae:	82 4f 04 11 	mov	r15,	&0x1104	
    31b2:	1e 42 02 11 	mov	&0x1102,r14	
    31b6:	1f 42 04 11 	mov	&0x1104,r15	
    31ba:	0f 93       	tst	r15		
    31bc:	03 20       	jnz	$+8      	;abs 0x31c4
    31be:	3e 90 20 4e 	cmp	#20000,	r14	;#0x4e20
    31c2:	ed 2b       	jnc	$-36     	;abs 0x319e
    31c4:	1f 42 00 11 	mov	&0x1100,r15	
    31c8:	cf 43 00 00 	mov.b	#0,	0(r15)	;r3 As==00, 0x0000(r15)
    31cc:	b7 3f       	jmp	$-144    	;abs 0x313c

000031ce <__stop_progExec__>:
    31ce:	32 d0 f0 00 	bis	#240,	r2	;#0x00f0
    31d2:	fd 3f       	jmp	$-4      	;abs 0x31ce

000031d4 <__ctors_end>:
    31d4:	30 40 d8 31 	br	#0x31d8	

000031d8 <_unexpected_>:
    31d8:	00 13       	reti			

Disassembly of section .vectors:

0000ffc0 <__ivtbl_32>:
    ffc0:	d4 31 d4 31 d4 31 d4 31 d4 31 d4 31 d4 31 d4 31     .1.1.1.1.1.1.1.1
    ffd0:	d4 31 d4 31 d4 31 d4 31 d4 31 d4 31 d4 31 d4 31     .1.1.1.1.1.1.1.1
    ffe0:	d4 31 d4 31 d4 31 d4 31 d4 31 d4 31 d4 31 d4 31     .1.1.1.1.1.1.1.1
    fff0:	d4 31 d4 31 d4 31 d4 31 d4 31 d4 31 d4 31 00 31     .1.1.1.1.1.1.1.1
