
blink-volatile-unsigned-long-long.elf:     file format elf32-msp430


Disassembly of section .text:

00003100 <__watchdog_support>:
    3100:	b2 40 80 5a 	mov	#23168,	&0x0120	;#0x5a80
    3104:	20 01 

00003106 <__init_stack>:
    3106:	31 40 00 31 	mov	#12544,	r1	;#0x3100

0000310a <__do_copy_data>:
    310a:	3f 40 00 00 	mov	#0,	r15	;#0x0000
    310e:	0f 93       	tst	r15		
    3110:	05 24       	jz	$+12     	;abs 0x311c
    3112:	2f 83       	decd	r15		
    3114:	9f 4f 52 32 	mov	12882(r15),4352(r15);0x3252(r15), 0x1100(r15)
    3118:	00 11 
    311a:	fb 23       	jnz	$-8      	;abs 0x3112

0000311c <__do_clear_bss>:
    311c:	3f 40 0c 00 	mov	#12,	r15	;#0x000c
    3120:	0f 93       	tst	r15		
    3122:	04 24       	jz	$+10     	;abs 0x312c
    3124:	1f 83       	dec	r15		
    3126:	cf 43 00 11 	mov.b	#0,	4352(r15);r3 As==00, 0x1100(r15)
    312a:	fc 23       	jnz	$-6      	;abs 0x3124

0000312c <main>:
    312c:	b2 40 31 00 	mov	#49,	&0x110a	;#0x0031
    3130:	0a 11 
    3132:	e2 43 31 00 	mov.b	#2,	&0x0031	;r3 As==10
    3136:	b2 40 32 00 	mov	#50,	&0x1100	;#0x0032
    313a:	00 11 
    313c:	82 43 02 11 	mov	#0,	&0x1102	;r3 As==00
    3140:	82 43 04 11 	mov	#0,	&0x1104	;r3 As==00
    3144:	82 43 06 11 	mov	#0,	&0x1106	;r3 As==00
    3148:	82 43 08 11 	mov	#0,	&0x1108	;r3 As==00
    314c:	1c 42 02 11 	mov	&0x1102,r12	
    3150:	1d 42 04 11 	mov	&0x1104,r13	
    3154:	1e 42 06 11 	mov	&0x1106,r14	
    3158:	1f 42 08 11 	mov	&0x1108,r15	
    315c:	1f 93       	cmp	#1,	r15	;r3 As==01
    315e:	2c 2c       	jc	$+90     	;abs 0x31b8
    3160:	1e 93       	cmp	#1,	r14	;r3 As==01
    3162:	2a 2c       	jc	$+86     	;abs 0x31b8
    3164:	1d 93       	cmp	#1,	r13	;r3 As==01
    3166:	28 2c       	jc	$+82     	;abs 0x31b8
    3168:	3c 90 20 4e 	cmp	#20000,	r12	;#0x4e20
    316c:	25 2c       	jc	$+76     	;abs 0x31b8
    316e:	1c 42 02 11 	mov	&0x1102,r12	
    3172:	1d 42 04 11 	mov	&0x1104,r13	
    3176:	1e 42 06 11 	mov	&0x1106,r14	
    317a:	1f 42 08 11 	mov	&0x1108,r15	
    317e:	1c 53       	inc	r12		
    3180:	0d 63       	adc	r13		
    3182:	0e 63       	adc	r14		
    3184:	0f 63       	adc	r15		
    3186:	82 4c 02 11 	mov	r12,	&0x1102	
    318a:	82 4d 04 11 	mov	r13,	&0x1104	
    318e:	82 4e 06 11 	mov	r14,	&0x1106	
    3192:	82 4f 08 11 	mov	r15,	&0x1108	
    3196:	1c 42 02 11 	mov	&0x1102,r12	
    319a:	1d 42 04 11 	mov	&0x1104,r13	
    319e:	1e 42 06 11 	mov	&0x1106,r14	
    31a2:	1f 42 08 11 	mov	&0x1108,r15	
    31a6:	0f 93       	tst	r15		
    31a8:	07 20       	jnz	$+16     	;abs 0x31b8
    31aa:	0e 93       	tst	r14		
    31ac:	05 20       	jnz	$+12     	;abs 0x31b8
    31ae:	0d 93       	tst	r13		
    31b0:	03 20       	jnz	$+8      	;abs 0x31b8
    31b2:	3c 90 20 4e 	cmp	#20000,	r12	;#0x4e20
    31b6:	db 2b       	jnc	$-72     	;abs 0x316e
    31b8:	1f 42 00 11 	mov	&0x1100,r15	
    31bc:	ef 43 00 00 	mov.b	#2,	0(r15)	;r3 As==10, 0x0000(r15)
    31c0:	82 43 02 11 	mov	#0,	&0x1102	;r3 As==00
    31c4:	82 43 04 11 	mov	#0,	&0x1104	;r3 As==00
    31c8:	82 43 06 11 	mov	#0,	&0x1106	;r3 As==00
    31cc:	82 43 08 11 	mov	#0,	&0x1108	;r3 As==00
    31d0:	1c 42 02 11 	mov	&0x1102,r12	
    31d4:	1d 42 04 11 	mov	&0x1104,r13	
    31d8:	1e 42 06 11 	mov	&0x1106,r14	
    31dc:	1f 42 08 11 	mov	&0x1108,r15	
    31e0:	1f 93       	cmp	#1,	r15	;r3 As==01
    31e2:	2c 2c       	jc	$+90     	;abs 0x323c
    31e4:	1e 93       	cmp	#1,	r14	;r3 As==01
    31e6:	2a 2c       	jc	$+86     	;abs 0x323c
    31e8:	1d 93       	cmp	#1,	r13	;r3 As==01
    31ea:	28 2c       	jc	$+82     	;abs 0x323c
    31ec:	3c 90 20 4e 	cmp	#20000,	r12	;#0x4e20
    31f0:	25 2c       	jc	$+76     	;abs 0x323c
    31f2:	1c 42 02 11 	mov	&0x1102,r12	
    31f6:	1d 42 04 11 	mov	&0x1104,r13	
    31fa:	1e 42 06 11 	mov	&0x1106,r14	
    31fe:	1f 42 08 11 	mov	&0x1108,r15	
    3202:	1c 53       	inc	r12		
    3204:	0d 63       	adc	r13		
    3206:	0e 63       	adc	r14		
    3208:	0f 63       	adc	r15		
    320a:	82 4c 02 11 	mov	r12,	&0x1102	
    320e:	82 4d 04 11 	mov	r13,	&0x1104	
    3212:	82 4e 06 11 	mov	r14,	&0x1106	
    3216:	82 4f 08 11 	mov	r15,	&0x1108	
    321a:	1c 42 02 11 	mov	&0x1102,r12	
    321e:	1d 42 04 11 	mov	&0x1104,r13	
    3222:	1e 42 06 11 	mov	&0x1106,r14	
    3226:	1f 42 08 11 	mov	&0x1108,r15	
    322a:	0f 93       	tst	r15		
    322c:	07 20       	jnz	$+16     	;abs 0x323c
    322e:	0e 93       	tst	r14		
    3230:	05 20       	jnz	$+12     	;abs 0x323c
    3232:	0d 93       	tst	r13		
    3234:	03 20       	jnz	$+8      	;abs 0x323c
    3236:	3c 90 20 4e 	cmp	#20000,	r12	;#0x4e20
    323a:	db 2b       	jnc	$-72     	;abs 0x31f2
    323c:	1f 42 00 11 	mov	&0x1100,r15	
    3240:	cf 43 00 00 	mov.b	#0,	0(r15)	;r3 As==00, 0x0000(r15)
    3244:	7b 3f       	jmp	$-264    	;abs 0x313c

00003246 <__stop_progExec__>:
    3246:	32 d0 f0 00 	bis	#240,	r2	;#0x00f0
    324a:	fd 3f       	jmp	$-4      	;abs 0x3246

0000324c <__ctors_end>:
    324c:	30 40 50 32 	br	#0x3250	

00003250 <_unexpected_>:
    3250:	00 13       	reti			

Disassembly of section .vectors:

0000ffc0 <__ivtbl_32>:
    ffc0:	4c 32 4c 32 4c 32 4c 32 4c 32 4c 32 4c 32 4c 32     L2L2L2L2L2L2L2L2
    ffd0:	4c 32 4c 32 4c 32 4c 32 4c 32 4c 32 4c 32 4c 32     L2L2L2L2L2L2L2L2
    ffe0:	4c 32 4c 32 4c 32 4c 32 4c 32 4c 32 4c 32 4c 32     L2L2L2L2L2L2L2L2
    fff0:	4c 32 4c 32 4c 32 4c 32 4c 32 4c 32 4c 32 00 31     L2L2L2L2L2L2L2.1
